2021-10-31 10:40:05.543214: I tensorflow/stream_executor/platform/default/dso_loader.cc:53] Successfully opened dynamic library libcudart.so.11.0
2021-10-31 10:40:26.392740: I tensorflow/stream_executor/platform/default/dso_loader.cc:53] Successfully opened dynamic library libcuda.so.1
2021-10-31 10:40:26.425190: I tensorflow/core/common_runtime/gpu/gpu_device.cc:1733] Found device 0 with properties: 
pciBusID: 0000:05:00.0 name: Tesla K80 computeCapability: 3.7
coreClock: 0.8235GHz coreCount: 13 deviceMemorySize: 11.17GiB deviceMemoryBandwidth: 223.96GiB/s
2021-10-31 10:40:26.425235: I tensorflow/stream_executor/platform/default/dso_loader.cc:53] Successfully opened dynamic library libcudart.so.11.0
2021-10-31 10:40:26.430345: I tensorflow/stream_executor/platform/default/dso_loader.cc:53] Successfully opened dynamic library libcublas.so.11
2021-10-31 10:40:26.430421: I tensorflow/stream_executor/platform/default/dso_loader.cc:53] Successfully opened dynamic library libcublasLt.so.11
2021-10-31 10:40:26.432509: I tensorflow/stream_executor/platform/default/dso_loader.cc:53] Successfully opened dynamic library libcufft.so.10
2021-10-31 10:40:26.433497: I tensorflow/stream_executor/platform/default/dso_loader.cc:53] Successfully opened dynamic library libcurand.so.10
2021-10-31 10:40:26.437912: I tensorflow/stream_executor/platform/default/dso_loader.cc:53] Successfully opened dynamic library libcusolver.so.11
2021-10-31 10:40:26.439265: I tensorflow/stream_executor/platform/default/dso_loader.cc:53] Successfully opened dynamic library libcusparse.so.11
2021-10-31 10:40:26.439944: I tensorflow/stream_executor/platform/default/dso_loader.cc:53] Successfully opened dynamic library libcudnn.so.8
2021-10-31 10:40:26.441804: I tensorflow/core/common_runtime/gpu/gpu_device.cc:1871] Adding visible gpu devices: 0
2021-10-31 10:40:26.442202: I tensorflow/core/platform/cpu_feature_guard.cc:142] This TensorFlow binary is optimized with oneAPI Deep Neural Network Library (oneDNN) to use the following CPU instructions in performance-critical operations:  AVX2 FMA
To enable them in other operations, rebuild TensorFlow with the appropriate compiler flags.
2021-10-31 10:40:26.443201: I tensorflow/core/common_runtime/gpu/gpu_device.cc:1733] Found device 0 with properties: 
pciBusID: 0000:05:00.0 name: Tesla K80 computeCapability: 3.7
coreClock: 0.8235GHz coreCount: 13 deviceMemorySize: 11.17GiB deviceMemoryBandwidth: 223.96GiB/s
2021-10-31 10:40:26.444896: I tensorflow/core/common_runtime/gpu/gpu_device.cc:1871] Adding visible gpu devices: 0
2021-10-31 10:40:26.444926: I tensorflow/stream_executor/platform/default/dso_loader.cc:53] Successfully opened dynamic library libcudart.so.11.0
2021-10-31 10:40:26.920440: I tensorflow/core/common_runtime/gpu/gpu_device.cc:1258] Device interconnect StreamExecutor with strength 1 edge matrix:
2021-10-31 10:40:26.920490: I tensorflow/core/common_runtime/gpu/gpu_device.cc:1264]      0 
2021-10-31 10:40:26.920499: I tensorflow/core/common_runtime/gpu/gpu_device.cc:1277] 0:   N 
2021-10-31 10:40:26.923560: I tensorflow/core/common_runtime/gpu/gpu_device.cc:1418] Created TensorFlow device (/job:localhost/replica:0/task:0/device:GPU:0 with 10786 MB memory) -> physical GPU (device: 0, name: Tesla K80, pci bus id: 0000:05:00.0, compute capability: 3.7)
2021-10-31 10:40:27.045605: I tensorflow/core/profiler/lib/profiler_session.cc:126] Profiler session initializing.
2021-10-31 10:40:27.045637: I tensorflow/core/profiler/lib/profiler_session.cc:141] Profiler session started.
2021-10-31 10:40:27.045685: I tensorflow/core/profiler/internal/gpu/cupti_tracer.cc:1611] Profiler found 1 GPUs
2021-10-31 10:40:27.045911: W tensorflow/stream_executor/platform/default/dso_loader.cc:64] Could not load dynamic library 'libcupti.so.11.2'; dlerror: libcupti.so.11.2: cannot open shared object file: No such file or directory; LD_LIBRARY_PATH: /global/home/groups/consultsw/sl-7.x86_64/modules/libsndfile/1.0.31/lib:/global/software/sl-7.x86_64/modules/cuda/11.2/cudnn/8.1.1/lib64:/global/software/sl-7.x86_64/modules/langs/cuda/11.2/lib64/stubs:/global/software/sl-7.x86_64/modules/langs/cuda/11.2/lib64
2021-10-31 10:40:27.046014: W tensorflow/stream_executor/platform/default/dso_loader.cc:64] Could not load dynamic library 'libcupti.so'; dlerror: libcupti.so: cannot open shared object file: No such file or directory; LD_LIBRARY_PATH: /global/home/groups/consultsw/sl-7.x86_64/modules/libsndfile/1.0.31/lib:/global/software/sl-7.x86_64/modules/cuda/11.2/cudnn/8.1.1/lib64:/global/software/sl-7.x86_64/modules/langs/cuda/11.2/lib64/stubs:/global/software/sl-7.x86_64/modules/langs/cuda/11.2/lib64
2021-10-31 10:40:27.046035: E tensorflow/core/profiler/internal/gpu/cupti_tracer.cc:1661] function cupti_interface_->Subscribe( &subscriber_, (CUpti_CallbackFunc)ApiCallback, this)failed with error CUPTI could not be loaded or symbol could not be found.
2021-10-31 10:40:27.046060: I tensorflow/core/profiler/lib/profiler_session.cc:159] Profiler session tear down.
2021-10-31 10:40:27.046084: E tensorflow/core/profiler/internal/gpu/cupti_tracer.cc:1752] function cupti_interface_->Finalize()failed with error CUPTI could not be loaded or symbol could not be found.
Traceback (most recent call last):
  File "train_pixelcnn.py", line 41, in <module>
    top_model.build_model()
  File "/global/home/users/jrmylee/projects/daniil/new_vae/models/pixelcnn.py", line 221, in build_model
    predicted = self._build_layers(input_img)
  File "/global/home/users/jrmylee/projects/daniil/new_vae/models/pixelcnn.py", line 166, in _build_layers
    v_masked_map = self._masked_conv(x, self.filter_size_1st, 'vertical', 0)
  File "/global/home/users/jrmylee/projects/daniil/new_vae/models/pixelcnn.py", line 133, in _masked_conv
    res = ZeroPadding2D(padding=(filter_size[0]//2, 0, filter_size[1]//2, filter_size[1]//2), name='v_pad_'+str(layer_idx))(x)
  File "/global/software/sl-7.x86_64/modules/apps/ml/tensorflow/2.5.0-py37/lib/python3.7/site-packages/keras/layers/convolutional.py", line 2866, in __init__
    'Found: ' + str(padding))
ValueError: `padding` should have two elements. Found: (3, 0, 3, 3)
